# JRE version: OpenJDK Runtime Environment (8.0_112-b06) (build 1.8.0_112-release-b06)
# Java VM: OpenJDK 64-Bit Server VM (25.112-b06 mixed mode bsd-amd64 compressed oops)
Heap:
 PSYoungGen      total 223232K, used 44006K [0x00000007a0000000, 0x00000007b3f80000, 0x00000007c0000000)
  eden space 179200K, 0% used [0x00000007a0000000,0x00000007a0000000,0x00000007aaf00000)
  from space 44032K, 99% used [0x00000007aaf00000,0x00000007ad9f98f0,0x00000007ada00000)
  to   space 55296K, 0% used [0x00000007b0980000,0x00000007b0980000,0x00000007b3f80000)
 ParOldGen       total 92672K, used 86327K [0x0000000760000000, 0x0000000765a80000, 0x00000007a0000000)
  object space 92672K, 93% used [0x0000000760000000,0x000000076544de40,0x0000000765a80000)
 Metaspace       used 73024K, capacity 76128K, committed 76416K, reserved 1116160K
  class space    used 9378K, capacity 10007K, committed 10112K, reserved 1048576K
GC Heap History (10 events):
Event: 2369.864 GC heap after
Heap after GC invocations=28 (full 3):
 PSYoungGen      total 186368K, used 15384K [0x00000007a0000000, 0x00000007ad580000, 0x00000007c0000000)
  eden space 164864K, 0% used [0x00000007a0000000,0x00000007a0000000,0x00000007aa100000)
  from space 21504K, 71% used [0x00000007aa100000,0x00000007ab0061d0,0x00000007ab600000)
  to   space 22528K, 0% used [0x00000007abf80000,0x00000007abf80000,0x00000007ad580000)
 ParOldGen       total 92672K, used 48515K [0x0000000760000000, 0x0000000765a80000, 0x00000007a0000000)
  object space 92672K, 52% used [0x0000000760000000,0x0000000762f60c58,0x0000000765a80000)
 Metaspace       used 71627K, capacity 74750K, committed 75008K, reserved 1114112K
  class space    used 9333K, capacity 9974K, committed 9984K, reserved 1048576K
}
Event: 2377.632 GC heap before
{Heap before GC invocations=29 (full 3):
 PSYoungGen      total 186368K, used 180248K [0x00000007a0000000, 0x00000007ad580000, 0x00000007c0000000)
  eden space 164864K, 100% used [0x00000007a0000000,0x00000007aa100000,0x00000007aa100000)
  from space 21504K, 71% used [0x00000007aa100000,0x00000007ab0061d0,0x00000007ab600000)
  to   space 22528K, 0% used [0x00000007abf80000,0x00000007abf80000,0x00000007ad580000)
 ParOldGen       total 92672K, used 48515K [0x0000000760000000, 0x0000000765a80000, 0x00000007a0000000)
  object space 92672K, 52% used [0x0000000760000000,0x0000000762f60c58,0x0000000765a80000)
 Metaspace       used 72392K, capacity 75488K, committed 75904K, reserved 1116160K
  class space    used 9374K, capacity 10007K, committed 10112K, reserved 1048576K
Event: 2378.090 GC heap after
Heap after GC invocations=29 (full 3):
 PSYoungGen      total 188416K, used 22496K [0x00000007a0000000, 0x00000007ae980000, 0x00000007c0000000)
  eden space 165888K, 0% used [0x00000007a0000000,0x00000007a0000000,0x00000007aa200000)
  from space 22528K, 99% used [0x00000007abf80000,0x00000007ad578008,0x00000007ad580000)
  to   space 30208K, 0% used [0x00000007aa200000,0x00000007aa200000,0x00000007abf80000)
 ParOldGen       total 92672K, used 61221K [0x0000000760000000, 0x0000000765a80000, 0x00000007a0000000)
  object space 92672K, 66% used [0x0000000760000000,0x0000000763bc9728,0x0000000765a80000)
 Metaspace       used 72392K, capacity 75488K, committed 75904K, reserved 1116160K
  class space    used 9374K, capacity 10007K, committed 10112K, reserved 1048576K
}
Event: 2385.647 GC heap before
{Heap before GC invocations=30 (full 3):
 PSYoungGen      total 188416K, used 188384K [0x00000007a0000000, 0x00000007ae980000, 0x00000007c0000000)
  eden space 165888K, 100% used [0x00000007a0000000,0x00000007aa200000,0x00000007aa200000)
  from space 22528K, 99% used [0x00000007abf80000,0x00000007ad578008,0x00000007ad580000)
  to   space 30208K, 0% used [0x00000007aa200000,0x00000007aa200000,0x00000007abf80000)
 ParOldGen       total 92672K, used 61221K [0x0000000760000000, 0x0000000765a80000, 0x00000007a0000000)
  object space 92672K, 66% used [0x0000000760000000,0x0000000763bc9728,0x0000000765a80000)
 Metaspace       used 72789K, capacity 75936K, committed 76160K, reserved 1116160K
  class space    used 9377K, capacity 10007K, committed 10112K, reserved 1048576K
Event: 2386.886 GC heap after
Heap after GC invocations=30 (full 3):
 PSYoungGen      total 196096K, used 27091K [0x00000007a0000000, 0x00000007afb00000, 0x00000007c0000000)
  eden space 165888K, 0% used [0x00000007a0000000,0x00000007a0000000,0x00000007aa200000)
  from space 30208K, 89% used [0x00000007aa200000,0x00000007abc74d48,0x00000007abf80000)
  to   space 33792K, 0% used [0x00000007ada00000,0x00000007ada00000,0x00000007afb00000)
 ParOldGen       total 92672K, used 61373K [0x0000000760000000, 0x0000000765a80000, 0x00000007a0000000)
  object space 92672K, 66% used [0x0000000760000000,0x0000000763bef738,0x0000000765a80000)
 Metaspace       used 72789K, capacity 75936K, committed 76160K, reserved 1116160K
  class space    used 9377K, capacity 10007K, committed 10112K, reserved 1048576K
}
Event: 2390.585 GC heap before
{Heap before GC invocations=31 (full 3):
 PSYoungGen      total 196096K, used 192979K [0x00000007a0000000, 0x00000007afb00000, 0x00000007c0000000)
  eden space 165888K, 100% used [0x00000007a0000000,0x00000007aa200000,0x00000007aa200000)
  from space 30208K, 89% used [0x00000007aa200000,0x00000007abc74d48,0x00000007abf80000)
  to   space 33792K, 0% used [0x00000007ada00000,0x00000007ada00000,0x00000007afb00000)
 ParOldGen       total 92672K, used 61373K [0x0000000760000000, 0x0000000765a80000, 0x00000007a0000000)
  object space 92672K, 66% used [0x0000000760000000,0x0000000763bef738,0x0000000765a80000)
 Metaspace       used 72868K, capacity 76000K, committed 76416K, reserved 1116160K
  class space    used 9378K, capacity 10007K, committed 10112K, reserved 1048576K
Event: 2391.766 GC heap after
Heap after GC invocations=31 (full 3):
 PSYoungGen      total 212992K, used 33773K [0x00000007a0000000, 0x00000007b1680000, 0x00000007c0000000)
  eden space 179200K, 0% used [0x00000007a0000000,0x00000007a0000000,0x00000007aaf00000)
  from space 33792K, 99% used [0x00000007ada00000,0x00000007afafb410,0x00000007afb00000)
  to   space 44032K, 0% used [0x00000007aaf00000,0x00000007aaf00000,0x00000007ada00000)
 ParOldGen       total 92672K, used 74788K [0x0000000760000000, 0x0000000765a80000, 0x00000007a0000000)
  object space 92672K, 80% used [0x0000000760000000,0x0000000764909228,0x0000000765a80000)
 Metaspace       used 72868K, capacity 76000K, committed 76416K, reserved 1116160K
  class space    used 9378K, capacity 10007K, committed 10112K, reserved 1048576K
}
Event: 2397.031 GC heap before
{Heap before GC invocations=32 (full 3):
 PSYoungGen      total 212992K, used 212973K [0x00000007a0000000, 0x00000007b1680000, 0x00000007c0000000)
  eden space 179200K, 100% used [0x00000007a0000000,0x00000007aaf00000,0x00000007aaf00000)
  from space 33792K, 99% used [0x00000007ada00000,0x00000007afafb410,0x00000007afb00000)
  to   space 44032K, 0% used [0x00000007aaf00000,0x00000007aaf00000,0x00000007ada00000)
 ParOldGen       total 92672K, used 74788K [0x0000000760000000, 0x0000000765a80000, 0x00000007a0000000)
  object space 92672K, 80% used [0x0000000760000000,0x0000000764909228,0x0000000765a80000)
 Metaspace       used 73024K, capacity 76128K, committed 76416K, reserved 1116160K
  class space    used 9378K, capacity 10007K, committed 10112K, reserved 1048576K
Event: 2398.796 GC heap after
Heap after GC invocations=32 (full 3):
 PSYoungGen      total 223232K, used 44006K [0x00000007a0000000, 0x00000007b3f80000, 0x00000007c0000000)
  eden space 179200K, 0% used [0x00000007a0000000,0x00000007a0000000,0x00000007aaf00000)
  from space 44032K, 99% used [0x00000007aaf00000,0x00000007ad9f98f0,0x00000007ada00000)
  to   space 55296K, 0% used [0x00000007b0980000,0x00000007b0980000,0x00000007b3f80000)
 ParOldGen       total 92672K, used 86327K [0x0000000760000000, 0x0000000765a80000, 0x00000007a0000000)
  object space 92672K, 93% used [0x0000000760000000,0x000000076544de40,0x0000000765a80000)
 Metaspace       used 73024K, capacity 76128K, committed 76416K, reserved 1116160K
  class space    used 9378K, capacity 10007K, committed 10112K, reserved 1048576K
}
Event: 2398.796 GC heap before
{Heap before GC invocations=33 (full 4):
 PSYoungGen      total 223232K, used 44006K [0x00000007a0000000, 0x00000007b3f80000, 0x00000007c0000000)
  eden space 179200K, 0% used [0x00000007a0000000,0x00000007a0000000,0x00000007aaf00000)
  from space 44032K, 99% used [0x00000007aaf00000,0x00000007ad9f98f0,0x00000007ada00000)
  to   space 55296K, 0% used [0x00000007b0980000,0x00000007b0980000,0x00000007b3f80000)
 ParOldGen       total 92672K, used 86327K [0x0000000760000000, 0x0000000765a80000, 0x00000007a0000000)
  object space 92672K, 93% used [0x0000000760000000,0x000000076544de40,0x0000000765a80000)
 Metaspace       used 73024K, capacity 76128K, committed 76416K, reserved 1116160K
  class space    used 9378K, capacity 10007K, committed 10112K, reserved 1048576K

